# JRE version: Java(TM) SE Runtime Environment (7.0_55-b13) (build 1.7.0_55-b13)
# Java VM: Java HotSpot(TM) 64-Bit Server VM (24.55-b03 mixed mode windows-amd64 compressed oops)
Heap
 PSYoungGen      total 222720K, used 74369K [0x00000000eaa80000, 0x00000000fd180000, 0x0000000100000000)
  eden space 189440K, 27% used [0x00000000eaa80000,0x00000000edd2c218,0x00000000f6380000)
  from space 33280K, 67% used [0x00000000f6380000,0x00000000f7974440,0x00000000f8400000)
  to   space 36352K, 0% used [0x00000000fae00000,0x00000000fae00000,0x00000000fd180000)
 ParOldGen       total 80384K, used 79939K [0x00000000c0000000, 0x00000000c4e80000, 0x00000000eaa80000)
  object space 80384K, 99% used [0x00000000c0000000,0x00000000c4e10f90,0x00000000c4e80000)
 PSPermGen       total 21504K, used 6019K [0x00000000bae00000, 0x00000000bc300000, 0x00000000c0000000)
  object space 21504K, 27% used [0x00000000bae00000,0x00000000bb3e0d28,0x00000000bc300000)
GC Heap History (10 events):
Event: 8.662 GC heap before
{Heap before GC invocations=9 (full 0):
 PSYoungGen      total 139776K, used 139760K [0x00000000eaa80000, 0x00000000f4b80000, 0x0000000100000000)
  eden space 125440K, 100% used [0x00000000eaa80000,0x00000000f2500000,0x00000000f2500000)
  from space 14336K, 99% used [0x00000000f3680000,0x00000000f447c0a8,0x00000000f4480000)
  to   space 17920K, 0% used [0x00000000f2500000,0x00000000f2500000,0x00000000f3680000)
 ParOldGen       total 41984K, used 28772K [0x00000000c0000000, 0x00000000c2900000, 0x00000000eaa80000)
  object space 41984K, 68% used [0x00000000c0000000,0x00000000c1c19130,0x00000000c2900000)
 PSPermGen       total 21504K, used 5993K [0x00000000bae00000, 0x00000000bc300000, 0x00000000c0000000)
  object space 21504K, 27% used [0x00000000bae00000,0x00000000bb3da460,0x00000000bc300000)
Event: 8.744 GC heap after
Heap after GC invocations=9 (full 0):
 PSYoungGen      total 143360K, used 17910K [0x00000000eaa80000, 0x00000000fa480000, 0x0000000100000000)
  eden space 125440K, 0% used [0x00000000eaa80000,0x00000000eaa80000,0x00000000f2500000)
  from space 17920K, 99% used [0x00000000f2500000,0x00000000f367d8e8,0x00000000f3680000)
  to   space 27648K, 0% used [0x00000000f8980000,0x00000000f8980000,0x00000000fa480000)
 ParOldGen       total 46080K, used 45996K [0x00000000c0000000, 0x00000000c2d00000, 0x00000000eaa80000)
  object space 46080K, 99% used [0x00000000c0000000,0x00000000c2ceb2c0,0x00000000c2d00000)
 PSPermGen       total 21504K, used 5993K [0x00000000bae00000, 0x00000000bc300000, 0x00000000c0000000)
  object space 21504K, 27% used [0x00000000bae00000,0x00000000bb3da460,0x00000000bc300000)
}
Event: 8.744 GC heap before
{Heap before GC invocations=10 (full 1):
 PSYoungGen      total 143360K, used 17910K [0x00000000eaa80000, 0x00000000fa480000, 0x0000000100000000)
  eden space 125440K, 0% used [0x00000000eaa80000,0x00000000eaa80000,0x00000000f2500000)
  from space 17920K, 99% used [0x00000000f2500000,0x00000000f367d8e8,0x00000000f3680000)
  to   space 27648K, 0% used [0x00000000f8980000,0x00000000f8980000,0x00000000fa480000)
 ParOldGen       total 46080K, used 45996K [0x00000000c0000000, 0x00000000c2d00000, 0x00000000eaa80000)
  object space 46080K, 99% used [0x00000000c0000000,0x00000000c2ceb2c0,0x00000000c2d00000)
 PSPermGen       total 21504K, used 5993K [0x00000000bae00000, 0x00000000bc300000, 0x00000000c0000000)
  object space 21504K, 27% used [0x00000000bae00000,0x00000000bb3da460,0x00000000bc300000)
Event: 9.200 GC heap after
Heap after GC invocations=10 (full 1):
 PSYoungGen      total 143360K, used 12238K [0x00000000eaa80000, 0x00000000fa480000, 0x0000000100000000)
  eden space 125440K, 0% used [0x00000000eaa80000,0x00000000eaa80000,0x00000000f2500000)
  from space 17920K, 68% used [0x00000000f2500000,0x00000000f30f39f0,0x00000000f3680000)
  to   space 27648K, 0% used [0x00000000f8980000,0x00000000f8980000,0x00000000fa480000)
 ParOldGen       total 80384K, used 45604K [0x00000000c0000000, 0x00000000c4e80000, 0x00000000eaa80000)
  object space 80384K, 56% used [0x00000000c0000000,0x00000000c2c89378,0x00000000c4e80000)
 PSPermGen       total 21504K, used 5987K [0x00000000bae00000, 0x00000000bc300000, 0x00000000c0000000)
  object space 21504K, 27% used [0x00000000bae00000,0x00000000bb3d8ea0,0x00000000bc300000)
}
Event: 10.299 GC heap before
{Heap before GC invocations=11 (full 1):
 PSYoungGen      total 143360K, used 137678K [0x00000000eaa80000, 0x00000000fa480000, 0x0000000100000000)
  eden space 125440K, 100% used [0x00000000eaa80000,0x00000000f2500000,0x00000000f2500000)
  from space 17920K, 68% used [0x00000000f2500000,0x00000000f30f39f0,0x00000000f3680000)
  to   space 27648K, 0% used [0x00000000f8980000,0x00000000f8980000,0x00000000fa480000)
 ParOldGen       total 80384K, used 45604K [0x00000000c0000000, 0x00000000c4e80000, 0x00000000eaa80000)
  object space 80384K, 56% used [0x00000000c0000000,0x00000000c2c89378,0x00000000c4e80000)
 PSPermGen       total 21504K, used 5993K [0x00000000bae00000, 0x00000000bc300000, 0x00000000c0000000)
  object space 21504K, 27% used [0x00000000bae00000,0x00000000bb3da468,0x00000000bc300000)
Event: 10.350 GC heap after
Heap after GC invocations=11 (full 1):
 PSYoungGen      total 198656K, used 27625K [0x00000000eaa80000, 0x00000000fa480000, 0x0000000100000000)
  eden space 171008K, 0% used [0x00000000eaa80000,0x00000000eaa80000,0x00000000f5180000)
  from space 27648K, 99% used [0x00000000f8980000,0x00000000fa47a7f8,0x00000000fa480000)
  to   space 33280K, 0% used [0x00000000f6380000,0x00000000f6380000,0x00000000f8400000)
 ParOldGen       total 80384K, used 49437K [0x00000000c0000000, 0x00000000c4e80000, 0x00000000eaa80000)
  object space 80384K, 61% used [0x00000000c0000000,0x00000000c30477e8,0x00000000c4e80000)
 PSPermGen       total 21504K, used 5993K [0x00000000bae00000, 0x00000000bc300000, 0x00000000c0000000)
  object space 21504K, 27% used [0x00000000bae00000,0x00000000bb3da468,0x00000000bc300000)
}
Event: 12.085 GC heap before
{Heap before GC invocations=12 (full 1):
 PSYoungGen      total 198656K, used 198633K [0x00000000eaa80000, 0x00000000fa480000, 0x0000000100000000)
  eden space 171008K, 100% used [0x00000000eaa80000,0x00000000f5180000,0x00000000f5180000)
  from space 27648K, 99% used [0x00000000f8980000,0x00000000fa47a7f8,0x00000000fa480000)
  to   space 33280K, 0% used [0x00000000f6380000,0x00000000f6380000,0x00000000f8400000)
 ParOldGen       total 80384K, used 49437K [0x00000000c0000000, 0x00000000c4e80000, 0x00000000eaa80000)
  object space 80384K, 61% used [0x00000000c0000000,0x00000000c30477e8,0x00000000c4e80000)
 PSPermGen       total 21504K, used 6015K [0x00000000bae00000, 0x00000000bc300000, 0x00000000c0000000)
  object space 21504K, 27% used [0x00000000bae00000,0x00000000bb3dffe8,0x00000000bc300000)
Event: 12.149 GC heap after
Heap after GC invocations=12 (full 1):
 PSYoungGen      total 222720K, used 27800K [0x00000000eaa80000, 0x00000000fd180000, 0x0000000100000000)
  eden space 189440K, 0% used [0x00000000eaa80000,0x00000000eaa80000,0x00000000f6380000)
  from space 33280K, 83% used [0x00000000f6380000,0x00000000f7ea6148,0x00000000f8400000)
  to   space 36352K, 0% used [0x00000000fae00000,0x00000000fae00000,0x00000000fd180000)
 ParOldGen       total 80384K, used 77106K [0x00000000c0000000, 0x00000000c4e80000, 0x00000000eaa80000)
  object space 80384K, 95% used [0x00000000c0000000,0x00000000c4b4c8d8,0x00000000c4e80000)
 PSPermGen       total 21504K, used 6015K [0x00000000bae00000, 0x00000000bc300000, 0x00000000c0000000)
  object space 21504K, 27% used [0x00000000bae00000,0x00000000bb3dffe8,0x00000000bc300000)
}
Event: 12.149 GC heap before
{Heap before GC invocations=13 (full 2):
 PSYoungGen      total 222720K, used 27800K [0x00000000eaa80000, 0x00000000fd180000, 0x0000000100000000)
  eden space 189440K, 0% used [0x00000000eaa80000,0x00000000eaa80000,0x00000000f6380000)
  from space 33280K, 83% used [0x00000000f6380000,0x00000000f7ea6148,0x00000000f8400000)
  to   space 36352K, 0% used [0x00000000fae00000,0x00000000fae00000,0x00000000fd180000)
 ParOldGen       total 80384K, used 77106K [0x00000000c0000000, 0x00000000c4e80000, 0x00000000eaa80000)
  object space 80384K, 95% used [0x00000000c0000000,0x00000000c4b4c8d8,0x00000000c4e80000)
 PSPermGen       total 21504K, used 6015K [0x00000000bae00000, 0x00000000bc300000, 0x00000000c0000000)
  object space 21504K, 27% used [0x00000000bae00000,0x00000000bb3dffe8,0x00000000bc300000)
Event: 12.865 GC heap after
Heap after GC invocations=13 (full 2):
 PSYoungGen      total 222720K, used 22481K [0x00000000eaa80000, 0x00000000fd180000, 0x0000000100000000)
  eden space 189440K, 0% used [0x00000000eaa80000,0x00000000eaa80000,0x00000000f6380000)
  from space 33280K, 67% used [0x00000000f6380000,0x00000000f7974440,0x00000000f8400000)
  to   space 36352K, 0% used [0x00000000fae00000,0x00000000fae00000,0x00000000fd180000)
 ParOldGen       total 80384K, used 79939K [0x00000000c0000000, 0x00000000c4e80000, 0x00000000eaa80000)
  object space 80384K, 99% used [0x00000000c0000000,0x00000000c4e10f90,0x00000000c4e80000)
 PSPermGen       total 21504K, used 6015K [0x00000000bae00000, 0x00000000bc300000, 0x00000000c0000000)
  object space 21504K, 27% used [0x00000000bae00000,0x00000000bb3dfcc8,0x00000000bc300000)
}

