# JRE version: Java(TM) SE Runtime Environment (7.0_55-b13) (build 1.7.0_55-b13)
# Java VM: Java HotSpot(TM) 64-Bit Server VM (24.55-b03 mixed mode windows-amd64 compressed oops)
Heap
 PSYoungGen      total 225792K, used 127588K [0x00000000eaa80000, 0x00000000fc480000, 0x0000000100000000)
  eden space 195072K, 57% used [0x00000000eaa80000,0x00000000f1782ef8,0x00000000f6900000)
  from space 30720K, 51% used [0x00000000f6900000,0x00000000f7896388,0x00000000f8700000)
  to   space 42496K, 0% used [0x00000000f9b00000,0x00000000f9b00000,0x00000000fc480000)
 ParOldGen       total 86016K, used 85901K [0x00000000c0000000, 0x00000000c5400000, 0x00000000eaa80000)
  object space 86016K, 99% used [0x00000000c0000000,0x00000000c53e3790,0x00000000c5400000)
 PSPermGen       total 21504K, used 6031K [0x00000000bae00000, 0x00000000bc300000, 0x00000000c0000000)
  object space 21504K, 28% used [0x00000000bae00000,0x00000000bb3e3dd0,0x00000000bc300000)
GC Heap History (10 events):
Event: 7.159 GC heap before
{Heap before GC invocations=9 (full 0):
 PSYoungGen      total 141824K, used 141796K [0x00000000eaa80000, 0x00000000f4d80000, 0x0000000100000000)
  eden space 127488K, 100% used [0x00000000eaa80000,0x00000000f2700000,0x00000000f2700000)
  from space 14336K, 99% used [0x00000000f3880000,0x00000000f46792b0,0x00000000f4680000)
  to   space 17920K, 0% used [0x00000000f2700000,0x00000000f2700000,0x00000000f3880000)
 ParOldGen       total 41984K, used 31586K [0x00000000c0000000, 0x00000000c2900000, 0x00000000eaa80000)
  object space 41984K, 75% used [0x00000000c0000000,0x00000000c1ed8ab0,0x00000000c2900000)
 PSPermGen       total 21504K, used 6001K [0x00000000bae00000, 0x00000000bc300000, 0x00000000c0000000)
  object space 21504K, 27% used [0x00000000bae00000,0x00000000bb3dc550,0x00000000bc300000)
Event: 7.245 GC heap after
Heap after GC invocations=9 (full 0):
 PSYoungGen      total 145408K, used 17918K [0x00000000eaa80000, 0x00000000fa700000, 0x0000000100000000)
  eden space 127488K, 0% used [0x00000000eaa80000,0x00000000eaa80000,0x00000000f2700000)
  from space 17920K, 99% used [0x00000000f2700000,0x00000000f387f990,0x00000000f3880000)
  to   space 27136K, 0% used [0x00000000f8c80000,0x00000000f8c80000,0x00000000fa700000)
 ParOldGen       total 48640K, used 48508K [0x00000000c0000000, 0x00000000c2f80000, 0x00000000eaa80000)
  object space 48640K, 99% used [0x00000000c0000000,0x00000000c2f5f130,0x00000000c2f80000)
 PSPermGen       total 21504K, used 6001K [0x00000000bae00000, 0x00000000bc300000, 0x00000000c0000000)
  object space 21504K, 27% used [0x00000000bae00000,0x00000000bb3dc550,0x00000000bc300000)
}
Event: 7.245 GC heap before
{Heap before GC invocations=10 (full 1):
 PSYoungGen      total 145408K, used 17918K [0x00000000eaa80000, 0x00000000fa700000, 0x0000000100000000)
  eden space 127488K, 0% used [0x00000000eaa80000,0x00000000eaa80000,0x00000000f2700000)
  from space 17920K, 99% used [0x00000000f2700000,0x00000000f387f990,0x00000000f3880000)
  to   space 27136K, 0% used [0x00000000f8c80000,0x00000000f8c80000,0x00000000fa700000)
 ParOldGen       total 48640K, used 48508K [0x00000000c0000000, 0x00000000c2f80000, 0x00000000eaa80000)
  object space 48640K, 99% used [0x00000000c0000000,0x00000000c2f5f130,0x00000000c2f80000)
 PSPermGen       total 21504K, used 6001K [0x00000000bae00000, 0x00000000bc300000, 0x00000000c0000000)
  object space 21504K, 27% used [0x00000000bae00000,0x00000000bb3dc550,0x00000000bc300000)
Event: 7.656 GC heap after
Heap after GC invocations=10 (full 1):
 PSYoungGen      total 145408K, used 9171K [0x00000000eaa80000, 0x00000000fa700000, 0x0000000100000000)
  eden space 127488K, 0% used [0x00000000eaa80000,0x00000000eaa80000,0x00000000f2700000)
  from space 17920K, 51% used [0x00000000f2700000,0x00000000f2ff4ea0,0x00000000f3880000)
  to   space 27136K, 0% used [0x00000000f8c80000,0x00000000f8c80000,0x00000000fa700000)
 ParOldGen       total 86016K, used 48374K [0x00000000c0000000, 0x00000000c5400000, 0x00000000eaa80000)
  object space 86016K, 56% used [0x00000000c0000000,0x00000000c2f3dbd0,0x00000000c5400000)
 PSPermGen       total 21504K, used 5997K [0x00000000bae00000, 0x00000000bc300000, 0x00000000c0000000)
  object space 21504K, 27% used [0x00000000bae00000,0x00000000bb3db430,0x00000000bc300000)
}
Event: 9.972 GC heap before
{Heap before GC invocations=11 (full 1):
 PSYoungGen      total 145408K, used 136659K [0x00000000eaa80000, 0x00000000fa700000, 0x0000000100000000)
  eden space 127488K, 100% used [0x00000000eaa80000,0x00000000f2700000,0x00000000f2700000)
  from space 17920K, 51% used [0x00000000f2700000,0x00000000f2ff4ea0,0x00000000f3880000)
  to   space 27136K, 0% used [0x00000000f8c80000,0x00000000f8c80000,0x00000000fa700000)
 ParOldGen       total 86016K, used 48374K [0x00000000c0000000, 0x00000000c5400000, 0x00000000eaa80000)
  object space 86016K, 56% used [0x00000000c0000000,0x00000000c2f3dbd0,0x00000000c5400000)
 PSPermGen       total 21504K, used 6001K [0x00000000bae00000, 0x00000000bc300000, 0x00000000c0000000)
  object space 21504K, 27% used [0x00000000bae00000,0x00000000bb3dc458,0x00000000bc300000)
Event: 10.027 GC heap after
Heap after GC invocations=11 (full 1):
 PSYoungGen      total 187392K, used 24691K [0x00000000eaa80000, 0x00000000fa500000, 0x0000000100000000)
  eden space 162304K, 0% used [0x00000000eaa80000,0x00000000eaa80000,0x00000000f4900000)
  from space 25088K, 98% used [0x00000000f8c80000,0x00000000fa49ce18,0x00000000fa500000)
  to   space 30720K, 0% used [0x00000000f6900000,0x00000000f6900000,0x00000000f8700000)
 ParOldGen       total 86016K, used 52683K [0x00000000c0000000, 0x00000000c5400000, 0x00000000eaa80000)
  object space 86016K, 61% used [0x00000000c0000000,0x00000000c3372cb0,0x00000000c5400000)
 PSPermGen       total 21504K, used 6001K [0x00000000bae00000, 0x00000000bc300000, 0x00000000c0000000)
  object space 21504K, 27% used [0x00000000bae00000,0x00000000bb3dc458,0x00000000bc300000)
}
Event: 12.889 GC heap before
{Heap before GC invocations=12 (full 1):
 PSYoungGen      total 187392K, used 186995K [0x00000000eaa80000, 0x00000000fa500000, 0x0000000100000000)
  eden space 162304K, 100% used [0x00000000eaa80000,0x00000000f4900000,0x00000000f4900000)
  from space 25088K, 98% used [0x00000000f8c80000,0x00000000fa49ce18,0x00000000fa500000)
  to   space 30720K, 0% used [0x00000000f6900000,0x00000000f6900000,0x00000000f8700000)
 ParOldGen       total 86016K, used 52683K [0x00000000c0000000, 0x00000000c5400000, 0x00000000eaa80000)
  object space 86016K, 61% used [0x00000000c0000000,0x00000000c3372cb0,0x00000000c5400000)
 PSPermGen       total 21504K, used 6022K [0x00000000bae00000, 0x00000000bc300000, 0x00000000c0000000)
  object space 21504K, 28% used [0x00000000bae00000,0x00000000bb3e1a58,0x00000000bc300000)
Event: 12.962 GC heap after
Heap after GC invocations=12 (full 1):
 PSYoungGen      total 225792K, used 30697K [0x00000000eaa80000, 0x00000000fc480000, 0x0000000100000000)
  eden space 195072K, 0% used [0x00000000eaa80000,0x00000000eaa80000,0x00000000f6900000)
  from space 30720K, 99% used [0x00000000f6900000,0x00000000f86fa6b0,0x00000000f8700000)
  to   space 42496K, 0% used [0x00000000f9b00000,0x00000000f9b00000,0x00000000fc480000)
 ParOldGen       total 86016K, used 72605K [0x00000000c0000000, 0x00000000c5400000, 0x00000000eaa80000)
  object space 86016K, 84% used [0x00000000c0000000,0x00000000c46e7690,0x00000000c5400000)
 PSPermGen       total 21504K, used 6022K [0x00000000bae00000, 0x00000000bc300000, 0x00000000c0000000)
  object space 21504K, 28% used [0x00000000bae00000,0x00000000bb3e1a58,0x00000000bc300000)
}
Event: 12.962 GC heap before
{Heap before GC invocations=13 (full 2):
 PSYoungGen      total 225792K, used 30697K [0x00000000eaa80000, 0x00000000fc480000, 0x0000000100000000)
  eden space 195072K, 0% used [0x00000000eaa80000,0x00000000eaa80000,0x00000000f6900000)
  from space 30720K, 99% used [0x00000000f6900000,0x00000000f86fa6b0,0x00000000f8700000)
  to   space 42496K, 0% used [0x00000000f9b00000,0x00000000f9b00000,0x00000000fc480000)
 ParOldGen       total 86016K, used 72605K [0x00000000c0000000, 0x00000000c5400000, 0x00000000eaa80000)
  object space 86016K, 84% used [0x00000000c0000000,0x00000000c46e7690,0x00000000c5400000)
 PSPermGen       total 21504K, used 6022K [0x00000000bae00000, 0x00000000bc300000, 0x00000000c0000000)
  object space 21504K, 28% used [0x00000000bae00000,0x00000000bb3e1a58,0x00000000bc300000)
Event: 13.416 GC heap after
Heap after GC invocations=13 (full 2):
 PSYoungGen      total 225792K, used 15960K [0x00000000eaa80000, 0x00000000fc480000, 0x0000000100000000)
  eden space 195072K, 0% used [0x00000000eaa80000,0x00000000eaa80000,0x00000000f6900000)
  from space 30720K, 51% used [0x00000000f6900000,0x00000000f7896388,0x00000000f8700000)
  to   space 42496K, 0% used [0x00000000f9b00000,0x00000000f9b00000,0x00000000fc480000)
 ParOldGen       total 86016K, used 85901K [0x00000000c0000000, 0x00000000c5400000, 0x00000000eaa80000)
  object space 86016K, 99% used [0x00000000c0000000,0x00000000c53e3790,0x00000000c5400000)
 PSPermGen       total 21504K, used 6022K [0x00000000bae00000, 0x00000000bc300000, 0x00000000c0000000)
  object space 21504K, 28% used [0x00000000bae00000,0x00000000bb3e1838,0x00000000bc300000)
}

